{
  "stats": {
    "suites": 1,
    "tests": 1,
    "passes": 1,
    "pending": 0,
    "failures": 0,
    "start": "2020-02-24T14:18:02.253Z",
    "end": "2020-02-24T14:18:02.797Z",
    "duration": 544,
    "testsRegistered": 1,
    "passPercent": 100,
    "pendingPercent": 0,
    "other": 0,
    "hasOther": false,
    "skipped": 0,
    "hasSkipped": false
  },
  "results": [
    {
      "uuid": "9922988c-0523-46e0-b4ed-26ad7d0ad651",
      "title": "",
      "fullFile": "cypress/integration/getEmployeeAPI.spec.js",
      "file": "cypress/integration/getEmployeeAPI.spec.js",
      "beforeHooks": [],
      "afterHooks": [],
      "tests": [],
      "suites": [
        {
          "uuid": "13ec1e7e-2f48-41ef-9904-899106a2a01b",
          "title": "get created employee data",
          "fullFile": "",
          "file": "",
          "beforeHooks": [],
          "afterHooks": [],
          "tests": [
            {
              "title": "reads employee data based on the id",
              "fullTitle": "get created employee data reads employee data based on the id",
              "timedOut": null,
              "duration": 527,
              "state": "passed",
              "speed": "slow",
              "pass": true,
              "fail": false,
              "pending": false,
              "context": null,
              "code": "cy.fixture('employeeData.json').then(function (employeeData) {\n  cy.request({\n    method: 'GET',\n    url: 'http://dummy.restapiexample.com/api/v1/employee/' + employeeData.data.id,\n    failOnStatusCode: false\n  }).then(function (resp) {\n    expect(employeeData.data.name).eq('Peter Parker');\n  });\n});",
              "err": {},
              "uuid": "b7633590-0cfb-4459-a1ac-924204799fed",
              "parentUUID": "13ec1e7e-2f48-41ef-9904-899106a2a01b",
              "isHook": false,
              "skipped": false
            }
          ],
          "suites": [],
          "passes": [
            "b7633590-0cfb-4459-a1ac-924204799fed"
          ],
          "failures": [],
          "pending": [],
          "skipped": [],
          "duration": 527,
          "root": false,
          "rootEmpty": false,
          "_timeout": 2000
        }
      ],
      "passes": [],
      "failures": [],
      "pending": [],
      "skipped": [],
      "duration": 0,
      "root": true,
      "rootEmpty": true,
      "_timeout": 2000
    }
  ],
  "meta": {
    "mocha": {
      "version": "6.2.2"
    },
    "mochawesome": {
      "options": {
        "quiet": true,
        "reportFilename": "mochawesome",
        "saveHtml": false,
        "saveJson": true,
        "consoleReporter": "spec",
        "useInlineDiffs": false
      },
      "version": "4.1.0"
    },
    "marge": {
      "options": {
        "id": "default",
        "reportDir": "cypress/reports/mocha",
        "quiet": true,
        "overwrite": false,
        "html": false,
        "json": true
      },
      "version": "4.1.0"
    }
  }
}