{
  "stats": {
    "suites": 1,
    "tests": 1,
    "passes": 1,
    "pending": 0,
    "failures": 0,
    "start": "2020-02-24T14:18:03.863Z",
    "end": "2020-02-24T14:18:09.104Z",
    "duration": 5241,
    "testsRegistered": 1,
    "passPercent": 100,
    "pendingPercent": 0,
    "other": 0,
    "hasOther": false,
    "skipped": 0,
    "hasSkipped": false
  },
  "results": [
    {
      "uuid": "e6eb7459-2cb1-4f8f-9bd9-40968550f390",
      "title": "",
      "fullFile": "cypress/integration/googleSearch.spec.js",
      "file": "cypress/integration/googleSearch.spec.js",
      "beforeHooks": [],
      "afterHooks": [],
      "tests": [],
      "suites": [
        {
          "uuid": "06a1ec80-bd85-4d47-9609-b57de90670a3",
          "title": "sample test",
          "fullFile": "",
          "file": "",
          "beforeHooks": [],
          "afterHooks": [],
          "tests": [
            {
              "title": "opens google and search for text",
              "fullTitle": "sample test opens google and search for text",
              "timedOut": null,
              "duration": 5218,
              "state": "passed",
              "speed": "slow",
              "pass": true,
              "fail": false,
              "pending": false,
              "context": null,
              "code": "cy.visit('/');\ncy.fixture('searchTerms').then(function (searchTerms) {\n  cy.get('input[name=\"q\"]').type(searchTerms.searchTerm1);\n});\ncy.get('input[name=\"btnK\"]', {\n  timeout: 1000\n}).first().click({\n  force: true\n});",
              "err": {},
              "uuid": "62874f08-a3ce-4dc6-ae28-8f010f55ab10",
              "parentUUID": "06a1ec80-bd85-4d47-9609-b57de90670a3",
              "isHook": false,
              "skipped": false
            }
          ],
          "suites": [],
          "passes": [
            "62874f08-a3ce-4dc6-ae28-8f010f55ab10"
          ],
          "failures": [],
          "pending": [],
          "skipped": [],
          "duration": 5218,
          "root": false,
          "rootEmpty": false,
          "_timeout": 2000
        }
      ],
      "passes": [],
      "failures": [],
      "pending": [],
      "skipped": [],
      "duration": 0,
      "root": true,
      "rootEmpty": true,
      "_timeout": 2000
    }
  ],
  "meta": {
    "mocha": {
      "version": "6.2.2"
    },
    "mochawesome": {
      "options": {
        "quiet": true,
        "reportFilename": "mochawesome",
        "saveHtml": false,
        "saveJson": true,
        "consoleReporter": "spec",
        "useInlineDiffs": false
      },
      "version": "4.1.0"
    },
    "marge": {
      "options": {
        "id": "default",
        "reportDir": "cypress/reports/mocha",
        "quiet": true,
        "overwrite": false,
        "html": false,
        "json": true
      },
      "version": "4.1.0"
    }
  }
}