{
  "stats": {
    "suites": 1,
    "tests": 1,
    "passes": 1,
    "pending": 0,
    "failures": 0,
    "start": "2020-02-20T16:40:08.498Z",
    "end": "2020-02-20T16:40:09.087Z",
    "duration": 589,
    "testsRegistered": 1,
    "passPercent": 100,
    "pendingPercent": 0,
    "other": 0,
    "hasOther": false,
    "skipped": 0,
    "hasSkipped": false
  },
  "results": [
    {
      "uuid": "fada6489-cf60-4903-99cc-541349c5f23d",
      "title": "",
      "fullFile": "",
      "file": "",
      "beforeHooks": [],
      "afterHooks": [],
      "tests": [],
      "suites": [
        {
          "uuid": "587d6a6f-7f9e-454c-85f4-7dbdd8083365",
          "title": "get created employee data",
          "fullFile": "",
          "file": "",
          "beforeHooks": [],
          "afterHooks": [],
          "tests": [
            {
              "title": "reads employee data based on the id",
              "fullTitle": "get created employee data reads employee data based on the id",
              "timedOut": null,
              "duration": 575,
              "state": "passed",
              "speed": "slow",
              "pass": true,
              "fail": false,
              "pending": false,
              "context": null,
              "code": "cy.fixture('employeeData.json').then(function (employeeData) {\n  cy.request({\n    method: 'GET',\n    url: 'http://dummy.restapiexample.com/api/v1/employee/' + employeeData.data.id\n  }).then(function (resp) {\n    expect(employeeData.data.name).eq('Peter Parker');\n  });\n});",
              "err": {},
              "uuid": "ee7175aa-edef-42d3-bd06-d2fec54b682c",
              "parentUUID": "587d6a6f-7f9e-454c-85f4-7dbdd8083365",
              "isHook": false,
              "skipped": false
            }
          ],
          "suites": [],
          "passes": [
            "ee7175aa-edef-42d3-bd06-d2fec54b682c"
          ],
          "failures": [],
          "pending": [],
          "skipped": [],
          "duration": 575,
          "root": false,
          "rootEmpty": false,
          "_timeout": 2000
        }
      ],
      "passes": [],
      "failures": [],
      "pending": [],
      "skipped": [],
      "duration": 0,
      "root": true,
      "rootEmpty": true,
      "_timeout": 2000
    }
  ],
  "meta": {
    "mocha": {
      "version": "6.2.2"
    },
    "mochawesome": {
      "options": {
        "quiet": false,
        "reportFilename": "mochawesome",
        "saveHtml": false,
        "saveJson": true,
        "consoleReporter": "spec",
        "useInlineDiffs": false
      },
      "version": "4.1.0"
    },
    "marge": {
      "options": {
        "id": "default",
        "reportDir": "cypress/reports/mocha",
        "quite": true,
        "overwrite": false,
        "html": false,
        "json": true
      },
      "version": "4.1.0"
    }
  }
}