{
  "stats": {
    "suites": 1,
    "tests": 1,
    "passes": 1,
    "pending": 0,
    "failures": 0,
    "start": "2020-02-24T14:18:00.594Z",
    "end": "2020-02-24T14:18:01.322Z",
    "duration": 728,
    "testsRegistered": 1,
    "passPercent": 100,
    "pendingPercent": 0,
    "other": 0,
    "hasOther": false,
    "skipped": 0,
    "hasSkipped": false
  },
  "results": [
    {
      "uuid": "80a40316-9d03-438d-b958-c799f84372e7",
      "title": "",
      "fullFile": "cypress/integration/createEmployeeAPI.spec.js",
      "file": "cypress/integration/createEmployeeAPI.spec.js",
      "beforeHooks": [],
      "afterHooks": [],
      "tests": [],
      "suites": [
        {
          "uuid": "897cad1e-afc4-41aa-a05a-77b0882d8234",
          "title": "create an employee",
          "fullFile": "",
          "file": "",
          "beforeHooks": [],
          "afterHooks": [],
          "tests": [
            {
              "title": "creates an employee with given test data using POST method",
              "fullTitle": "create an employee creates an employee with given test data using POST method",
              "timedOut": null,
              "duration": 701,
              "state": "passed",
              "speed": "slow",
              "pass": true,
              "fail": false,
              "pending": false,
              "context": null,
              "code": "cy.request({\n  method: 'POST',\n  url: 'http://dummy.restapiexample.com/api/v1/create',\n  body: {\n    name: 'Peter Parker',\n    salary: '100,000',\n    age: '38'\n  },\n  failOnStatusCode: false\n}).then(function (resp) {\n  cy.writeFile('cypress/fixtures/employeeData.json', resp.body);\n});",
              "err": {},
              "uuid": "0ec1e2ff-9ccc-45ed-a0e6-cc6a642a40f8",
              "parentUUID": "897cad1e-afc4-41aa-a05a-77b0882d8234",
              "isHook": false,
              "skipped": false
            }
          ],
          "suites": [],
          "passes": [
            "0ec1e2ff-9ccc-45ed-a0e6-cc6a642a40f8"
          ],
          "failures": [],
          "pending": [],
          "skipped": [],
          "duration": 701,
          "root": false,
          "rootEmpty": false,
          "_timeout": 2000
        }
      ],
      "passes": [],
      "failures": [],
      "pending": [],
      "skipped": [],
      "duration": 0,
      "root": true,
      "rootEmpty": true,
      "_timeout": 2000
    }
  ],
  "meta": {
    "mocha": {
      "version": "6.2.2"
    },
    "mochawesome": {
      "options": {
        "quiet": true,
        "reportFilename": "mochawesome",
        "saveHtml": false,
        "saveJson": true,
        "consoleReporter": "spec",
        "useInlineDiffs": false
      },
      "version": "4.1.0"
    },
    "marge": {
      "options": {
        "id": "default",
        "reportDir": "cypress/reports/mocha",
        "quiet": true,
        "overwrite": false,
        "html": false,
        "json": true
      },
      "version": "4.1.0"
    }
  }
}