{
  "stats": {
    "suites": 3,
    "tests": 3,
    "passes": 3,
    "pending": 0,
    "failures": 0,
    "start": "2020-02-24T14:18:09.934Z",
    "end": "2020-02-24T14:18:09.934Z",
    "duration": 6446,
    "testsRegistered": 3,
    "passPercent": 100,
    "pendingPercent": 0,
    "other": 0,
    "hasOther": false,
    "skipped": 0,
    "hasSkipped": false
  },
  "results": [
    {
      "uuid": "80a40316-9d03-438d-b958-c799f84372e7",
      "title": "",
      "fullFile": "cypress/integration/createEmployeeAPI.spec.js",
      "file": "cypress/integration/createEmployeeAPI.spec.js",
      "beforeHooks": [],
      "afterHooks": [],
      "tests": [],
      "suites": [
        {
          "uuid": "897cad1e-afc4-41aa-a05a-77b0882d8234",
          "title": "create an employee",
          "fullFile": "",
          "file": "",
          "beforeHooks": [],
          "afterHooks": [],
          "tests": [
            {
              "title": "creates an employee with given test data using POST method",
              "fullTitle": "create an employee creates an employee with given test data using POST method",
              "timedOut": null,
              "duration": 701,
              "state": "passed",
              "speed": "slow",
              "pass": true,
              "fail": false,
              "pending": false,
              "context": null,
              "code": "cy.request({\n  method: 'POST',\n  url: 'http://dummy.restapiexample.com/api/v1/create',\n  body: {\n    name: 'Peter Parker',\n    salary: '100,000',\n    age: '38'\n  },\n  failOnStatusCode: false\n}).then(function (resp) {\n  cy.writeFile('cypress/fixtures/employeeData.json', resp.body);\n});",
              "err": {},
              "uuid": "0ec1e2ff-9ccc-45ed-a0e6-cc6a642a40f8",
              "parentUUID": "897cad1e-afc4-41aa-a05a-77b0882d8234",
              "isHook": false,
              "skipped": false
            }
          ],
          "suites": [],
          "passes": [
            "0ec1e2ff-9ccc-45ed-a0e6-cc6a642a40f8"
          ],
          "failures": [],
          "pending": [],
          "skipped": [],
          "duration": 701,
          "root": false,
          "rootEmpty": false,
          "_timeout": 2000
        }
      ],
      "passes": [],
      "failures": [],
      "pending": [],
      "skipped": [],
      "duration": 0,
      "root": true,
      "rootEmpty": true,
      "_timeout": 2000
    },
    {
      "uuid": "9922988c-0523-46e0-b4ed-26ad7d0ad651",
      "title": "",
      "fullFile": "cypress/integration/getEmployeeAPI.spec.js",
      "file": "cypress/integration/getEmployeeAPI.spec.js",
      "beforeHooks": [],
      "afterHooks": [],
      "tests": [],
      "suites": [
        {
          "uuid": "13ec1e7e-2f48-41ef-9904-899106a2a01b",
          "title": "get created employee data",
          "fullFile": "",
          "file": "",
          "beforeHooks": [],
          "afterHooks": [],
          "tests": [
            {
              "title": "reads employee data based on the id",
              "fullTitle": "get created employee data reads employee data based on the id",
              "timedOut": null,
              "duration": 527,
              "state": "passed",
              "speed": "slow",
              "pass": true,
              "fail": false,
              "pending": false,
              "context": null,
              "code": "cy.fixture('employeeData.json').then(function (employeeData) {\n  cy.request({\n    method: 'GET',\n    url: 'http://dummy.restapiexample.com/api/v1/employee/' + employeeData.data.id,\n    failOnStatusCode: false\n  }).then(function (resp) {\n    expect(employeeData.data.name).eq('Peter Parker');\n  });\n});",
              "err": {},
              "uuid": "b7633590-0cfb-4459-a1ac-924204799fed",
              "parentUUID": "13ec1e7e-2f48-41ef-9904-899106a2a01b",
              "isHook": false,
              "skipped": false
            }
          ],
          "suites": [],
          "passes": [
            "b7633590-0cfb-4459-a1ac-924204799fed"
          ],
          "failures": [],
          "pending": [],
          "skipped": [],
          "duration": 527,
          "root": false,
          "rootEmpty": false,
          "_timeout": 2000
        }
      ],
      "passes": [],
      "failures": [],
      "pending": [],
      "skipped": [],
      "duration": 0,
      "root": true,
      "rootEmpty": true,
      "_timeout": 2000
    },
    {
      "uuid": "e6eb7459-2cb1-4f8f-9bd9-40968550f390",
      "title": "",
      "fullFile": "cypress/integration/googleSearch.spec.js",
      "file": "cypress/integration/googleSearch.spec.js",
      "beforeHooks": [],
      "afterHooks": [],
      "tests": [],
      "suites": [
        {
          "uuid": "06a1ec80-bd85-4d47-9609-b57de90670a3",
          "title": "sample test",
          "fullFile": "",
          "file": "",
          "beforeHooks": [],
          "afterHooks": [],
          "tests": [
            {
              "title": "opens google and search for text",
              "fullTitle": "sample test opens google and search for text",
              "timedOut": null,
              "duration": 5218,
              "state": "passed",
              "speed": "slow",
              "pass": true,
              "fail": false,
              "pending": false,
              "context": null,
              "code": "cy.visit('/');\ncy.fixture('searchTerms').then(function (searchTerms) {\n  cy.get('input[name=\"q\"]').type(searchTerms.searchTerm1);\n});\ncy.get('input[name=\"btnK\"]', {\n  timeout: 1000\n}).first().click({\n  force: true\n});",
              "err": {},
              "uuid": "62874f08-a3ce-4dc6-ae28-8f010f55ab10",
              "parentUUID": "06a1ec80-bd85-4d47-9609-b57de90670a3",
              "isHook": false,
              "skipped": false
            }
          ],
          "suites": [],
          "passes": [
            "62874f08-a3ce-4dc6-ae28-8f010f55ab10"
          ],
          "failures": [],
          "pending": [],
          "skipped": [],
          "duration": 5218,
          "root": false,
          "rootEmpty": false,
          "_timeout": 2000
        }
      ],
      "passes": [],
      "failures": [],
      "pending": [],
      "skipped": [],
      "duration": 0,
      "root": true,
      "rootEmpty": true,
      "_timeout": 2000
    }
  ],
  "meta": {
    "mocha": {
      "version": "6.2.2"
    },
    "mochawesome": {
      "options": {
        "quiet": true,
        "reportFilename": "mochawesome",
        "saveHtml": false,
        "saveJson": true,
        "consoleReporter": "spec",
        "useInlineDiffs": false
      },
      "version": "4.1.0"
    },
    "marge": {
      "options": {
        "id": "default",
        "reportDir": "cypress/reports/mocha",
        "quiet": true,
        "overwrite": false,
        "html": false,
        "json": true
      },
      "version": "4.1.0"
    }
  }
}